2026-04-30 21:06:25,832 INFO     Modo --test activo: máximo 3 medios por corpus
2026-04-30 21:06:25,832 INFO     Semana: 2026-W18 | Medios a procesar: 6 (3 prov. + 3 nac.)
2026-04-30 21:06:25,832 INFO     ============================================================
2026-04-30 21:06:25,833 INFO     [PROVINCIAL] EL DÍA (Buenos Aires) — https://www.eldia.com
2026-04-30 21:06:26,816 INFO       → OK | 50 titulares extraídos
2026-04-30 21:06:28,833 INFO     [PROVINCIAL] EN ORSAI (Buenos Aires) — https://www.enorsai.com.ar
2026-04-30 21:06:29,141 INFO       → OK | 47 titulares extraídos
2026-04-30 21:06:31,143 INFO     [PROVINCIAL] 5 DÍAS (Buenos Aires) — https://www.diario5dias.com.ar
2026-04-30 21:06:31,999 INFO       → OK | 35 titulares extraídos
2026-04-30 21:06:34,001 INFO     [NACIONAL] INFOBAE — https://www.infobae.com
2026-04-30 21:06:34,439 INFO       → OK | 50 titulares extraídos
2026-04-30 21:06:36,441 INFO     [NACIONAL] LA NACIÓN — https://www.lanacion.com.ar
2026-04-30 21:06:36,946 INFO       → OK | 50 titulares extraídos
2026-04-30 21:06:38,960 INFO     [NACIONAL] CLARÍN — https://www.clarin.com
2026-04-30 21:06:39,343 INFO       → OK | 50 titulares extraídos
2026-04-30 21:06:39,343 INFO     ============================================================
2026-04-30 21:06:39,343 INFO     Resumen: 6 medios procesados | 6 exitosos | 0 fallidos | 282 titulares totales
2026-04-30 21:06:39,343 INFO     Titulares → C:\Users\mflor\OneDrive\Documentos\GitHub\monitor-conflictos\datos\crudos\2026-W18\titulares.csv
2026-04-30 21:06:39,343 INFO     HTML crudos → C:\Users\mflor\OneDrive\Documentos\GitHub\monitor-conflictos\datos\crudos\2026-W18/
2026-04-30 21:08:52,631 INFO     Modo --test activo: máximo 3 medios por corpus
2026-04-30 21:08:52,631 INFO     Semana: 2026-W18 | Medios a procesar: 6 (3 prov. + 3 nac.)
2026-04-30 21:08:52,631 INFO     ============================================================
2026-04-30 21:08:52,631 INFO     [PROVINCIAL] EL DÍA (Buenos Aires) — https://www.eldia.com
2026-04-30 21:08:53,622 INFO       → OK | 50 titulares extraídos
2026-04-30 21:08:55,623 INFO     [PROVINCIAL] EN ORSAI (Buenos Aires) — https://www.enorsai.com.ar
2026-04-30 21:08:55,917 INFO       → OK | 47 titulares extraídos
2026-04-30 21:08:57,918 INFO     [PROVINCIAL] 5 DÍAS (Buenos Aires) — https://www.diario5dias.com.ar
2026-04-30 21:08:58,770 INFO       → OK | 35 titulares extraídos
2026-04-30 21:09:00,771 INFO     [NACIONAL] INFOBAE — https://www.infobae.com
2026-04-30 21:09:01,225 INFO       → OK | 50 titulares extraídos
2026-04-30 21:09:03,226 INFO     [NACIONAL] LA NACIÓN — https://www.lanacion.com.ar
2026-04-30 21:09:03,636 INFO       → OK | 50 titulares extraídos
2026-04-30 21:09:05,638 INFO     [NACIONAL] CLARÍN — https://www.clarin.com
2026-04-30 21:09:06,021 INFO       → OK | 50 titulares extraídos
2026-04-30 21:09:06,023 INFO     ============================================================
2026-04-30 21:09:06,023 INFO     Resumen: 6 medios procesados | 6 exitosos | 0 fallidos | 282 titulares totales
2026-04-30 21:09:06,023 INFO     Titulares → C:\Users\mflor\OneDrive\Documentos\GitHub\monitor-conflictos\datos\crudos\2026-W18\titulares.csv
2026-04-30 21:09:06,023 INFO     HTML crudos → C:\Users\mflor\OneDrive\Documentos\GitHub\monitor-conflictos\datos\crudos\2026-W18/
2026-04-30 21:21:05,310 INFO     Semana: 2026-W18 | Medios a procesar: 79 (69 prov. + 10 nac.)
2026-04-30 21:21:05,310 INFO     ============================================================
2026-04-30 21:21:05,310 INFO     [PROVINCIAL] EL DÍA (Buenos Aires) — https://www.eldia.com
2026-04-30 21:21:06,325 INFO       → OK | 50 titulares extraídos
2026-04-30 21:21:08,326 INFO     [PROVINCIAL] EN ORSAI (Buenos Aires) — https://www.enorsai.com.ar
2026-04-30 21:21:08,576 INFO       → OK | 47 titulares extraídos
2026-04-30 21:21:10,578 INFO     [PROVINCIAL] 5 DÍAS (Buenos Aires) — https://www.diario5dias.com.ar
2026-04-30 21:21:11,507 INFO       → OK | 35 titulares extraídos
2026-04-30 21:21:13,509 INFO     [PROVINCIAL] LA VOZ DEL INTERIOR (Córdoba) — https://www.lavoz.com.ar
2026-04-30 21:21:14,278 INFO       → OK | 50 titulares extraídos
2026-04-30 21:21:16,290 INFO     [PROVINCIAL] EL DIARIO (Córdoba) — https://www.eldiariodecarlospaz.com.ar
2026-04-30 21:21:16,508 INFO       → OK | 50 titulares extraídos
2026-04-30 21:21:18,510 INFO     [PROVINCIAL] EL DIARIO DEL CENTRO DEL PAÍS (Córdoba) — https://www.eldiariocba.com.ar
2026-04-30 21:21:18,711 INFO       → OK | 50 titulares extraídos
2026-04-30 21:21:20,713 INFO     [PROVINCIAL] EL DIARIO (Entre Ríos) — https://www.eldiario.com.ar
2026-04-30 21:21:21,599 INFO       → OK | 50 titulares extraídos
2026-04-30 21:21:23,601 INFO     [PROVINCIAL] ELONCE (Entre Ríos) — https://www.elonce.com
2026-04-30 21:21:23,951 INFO       → OK | 50 titulares extraídos
2026-04-30 21:21:25,955 INFO     [PROVINCIAL] UNO ENTRE RÍOS (Entre Ríos) — https://www.unoentrerios.com.ar
2026-04-30 21:21:26,119 INFO       → OK | 50 titulares extraídos
2026-04-30 21:21:28,130 INFO     [PROVINCIAL] RAFAELA NOTICIAS (Santa Fe) — https://www.rafaelanoticias.com.ar
2026-04-30 21:21:28,161 WARNING    → FALLO (ConnectionError) | sin titulares
2026-04-30 21:21:30,163 INFO     [PROVINCIAL] LA CAPITAL (Santa Fe) — https://www.lacapital.com.ar
2026-04-30 21:21:30,451 INFO       → OK | 50 titulares extraídos
2026-04-30 21:21:32,453 INFO     [PROVINCIAL] AIRE DIGITAL (Santa Fe) — https://www.airedesantafe.com.ar
2026-04-30 21:21:32,880 INFO       → OK | 50 titulares extraídos
2026-04-30 21:21:34,881 INFO     [PROVINCIAL] DIARIO UNO (Mendoza) — https://www.diariouno.com.ar
2026-04-30 21:21:35,128 INFO       → OK | 50 titulares extraídos
2026-04-30 21:21:37,129 INFO     [PROVINCIAL] LOS ANDES (Mendoza) — https://www.losandes.com.ar
2026-04-30 21:21:37,441 INFO       → OK | 50 titulares extraídos
2026-04-30 21:21:39,443 INFO     [PROVINCIAL] MDZ ONLINE (Mendoza) — https://www.mdzol.com
2026-04-30 21:21:39,699 INFO       → OK | 50 titulares extraídos
2026-04-30 21:21:41,700 INFO     [PROVINCIAL] DIARIO DE CUYO (San Juan) — https://www.diariodecuyo.com.ar
2026-04-30 21:21:41,938 INFO       → OK | 50 titulares extraídos
2026-04-30 21:21:43,941 INFO     [PROVINCIAL] EL ZONDA (San Juan) — https://www.diarioelzondasj.com.ar
2026-04-30 21:21:44,257 INFO       → OK | 50 titulares extraídos
2026-04-30 21:21:46,271 INFO     [PROVINCIAL] HUARPE (San Juan) — https://www.diariohuarpe.com
2026-04-30 21:21:46,562 INFO       → OK | 50 titulares extraídos
2026-04-30 21:21:48,564 INFO     [PROVINCIAL] DIARIO DE LA REPÚBLICA (San Luis) — https://www.eldiariodelarepublica.com
2026-04-30 21:21:49,684 INFO       → OK | 50 titulares extraídos
2026-04-30 21:21:51,686 INFO     [PROVINCIAL] EL CHORRILLERO (San Luis) — https://www.elchorrillero.com
2026-04-30 21:21:52,079 INFO       → OK | 50 titulares extraídos
2026-04-30 21:21:54,086 INFO     [PROVINCIAL] VILLA MERCEDES INFO (San Luis) — https://www.villamercedes.info
2026-04-30 21:21:55,645 INFO       → OK | 49 titulares extraídos
2026-04-30 21:21:57,648 INFO     [PROVINCIAL] EL ANCASTI (Catamarca) — https://www.elancasti.com.ar
2026-04-30 21:21:58,102 INFO       → OK | 50 titulares extraídos
2026-04-30 21:22:00,104 INFO     [PROVINCIAL] EL ESQUIÚ (Catamarca) — https://www.elesquiu.com
2026-04-30 21:22:00,308 INFO       → OK | 50 titulares extraídos
2026-04-30 21:22:02,312 INFO     [PROVINCIAL] LA UNIÓN (Catamarca) — https://www.launion.digital
2026-04-30 21:22:02,779 INFO       → OK | 50 titulares extraídos
2026-04-30 21:22:04,781 INFO     [PROVINCIAL] EL TRIBUNO (Jujuy) — https://www.eltribunodejujuy.com
2026-04-30 21:22:06,208 INFO       → OK | 50 titulares extraídos
2026-04-30 21:22:08,212 INFO     [PROVINCIAL] LEA (Jujuy) — https://www.periodicolea.com.ar
2026-04-30 21:22:09,323 INFO       → OK | 46 titulares extraídos
2026-04-30 21:22:11,326 INFO     [PROVINCIAL] PREGÓN (Jujuy) — https://www.pregon.com.ar
2026-04-30 21:22:12,823 INFO       → OK | 50 titulares extraídos
2026-04-30 21:22:14,826 INFO     [PROVINCIAL] EL INDEPENDIENTE (La Rioja) — https://www.elindependiente.com.ar
2026-04-30 21:22:15,243 INFO       → OK | 50 titulares extraídos
2026-04-30 21:22:17,246 INFO     [PROVINCIAL] NUEVA RIOJA (La Rioja) — https://www.nuevarioja.com.ar
2026-04-30 21:22:17,606 INFO       → OK | 50 titulares extraídos
2026-04-30 21:22:19,621 INFO     [PROVINCIAL] RIOJA VIRTUAL (La Rioja) — https://www.riojavirtual.com.ar
2026-04-30 21:22:22,232 INFO       → OK | 8 titulares extraídos
2026-04-30 21:22:24,233 INFO     [PROVINCIAL] EL TRIBUNO (Salta) — https://www.eltribuno.com
2026-04-30 21:22:24,603 INFO       → OK | 50 titulares extraídos
2026-04-30 21:22:26,616 INFO     [PROVINCIAL] NUEVO DIARIO (Salta) — https://www.nuevodiariodesalta.com.ar
2026-04-30 21:22:27,261 INFO       → OK | 42 titulares extraídos
2026-04-30 21:22:29,267 INFO     [PROVINCIAL] PUNTO UNO (Salta) — https://www.diariopuntouno.com.ar
2026-04-30 21:22:31,726 INFO       → OK | 0 titulares extraídos
2026-04-30 21:22:33,729 INFO     [PROVINCIAL] EL LIBERAL (Santiago del Estero) — https://www.elliberal.com.ar
2026-04-30 21:22:35,817 INFO       → OK | 50 titulares extraídos
2026-04-30 21:22:37,818 INFO     [PROVINCIAL] NUEVO DIARIO (Santiago del Estero) — https://www.nuevodiarioweb.com.ar
2026-04-30 21:22:38,123 INFO       → OK | 50 titulares extraídos
2026-04-30 21:22:40,124 INFO     [PROVINCIAL] PANORAMA (Santiago del Estero) — https://www.diariopanorama.com
2026-04-30 21:22:40,517 INFO       → OK | 50 titulares extraídos
2026-04-30 21:22:42,518 INFO     [PROVINCIAL] CONTEXTO (Tucumán) — https://www.contextotucuman.com.ar
2026-04-30 21:22:42,700 WARNING    → FALLO (ConnectionError) | sin titulares
2026-04-30 21:22:44,702 INFO     [PROVINCIAL] EL TUCUMANO (Tucumán) — https://www.eltucumano.com
2026-04-30 21:22:46,471 INFO       → OK | 50 titulares extraídos
2026-04-30 21:22:48,473 INFO     [PROVINCIAL] LA GACETA (Tucumán) — https://www.lagaceta.com.ar
2026-04-30 21:22:48,918 INFO       → OK | 50 titulares extraídos
2026-04-30 21:22:50,927 INFO     [PROVINCIAL] DIARIO CHACO (Chaco) — https://www.diariochaco.com
2026-04-30 21:22:51,354 INFO       → OK | 50 titulares extraídos
2026-04-30 21:22:53,357 INFO     [PROVINCIAL] LA VOZ DEL CHACO (Chaco) — https://www.diariolavozdelchaco.com
2026-04-30 21:22:55,362 INFO       → OK | 48 titulares extraídos
2026-04-30 21:22:57,374 INFO     [PROVINCIAL] NORTE (Chaco) — https://www.diarionorte.com
2026-04-30 21:22:57,845 INFO       → OK | 50 titulares extraídos
2026-04-30 21:22:59,847 INFO     [PROVINCIAL] EL LIBERTADOR (Corrientes) — https://www.diarioellibertador.com.ar
2026-04-30 21:23:00,662 INFO       → OK | 47 titulares extraídos
2026-04-30 21:23:02,665 INFO     [PROVINCIAL] EL LITORAL (Corrientes) — https://www.ellitoral.com.ar
2026-04-30 21:23:03,577 INFO       → OK | 50 titulares extraídos
2026-04-30 21:23:05,579 INFO     [PROVINCIAL] ÉPOCA (Corrientes) — https://www.diarioepoca.com
2026-04-30 21:23:06,061 INFO       → OK | 50 titulares extraídos
2026-04-30 21:23:08,062 INFO     [PROVINCIAL] EL COMERCIAL (Formosa) — https://www.elcomercial.com.ar
2026-04-30 21:23:08,481 INFO       → OK | 44 titulares extraídos
2026-04-30 21:23:10,489 INFO     [PROVINCIAL] FORMOSA (Formosa) — https://www.diarioformosa.net
2026-04-30 21:23:11,818 INFO       → OK | 36 titulares extraídos
2026-04-30 21:23:13,819 INFO     [PROVINCIAL] FORMOSA AHORA (Formosa) — https://www.formosaahora.com.ar
2026-04-30 21:23:15,961 INFO       → OK | 19 titulares extraídos
2026-04-30 21:23:17,962 INFO     [PROVINCIAL] EL TERRITORIO (Misiones) — https://www.elterritorio.com.ar
2026-04-30 21:23:18,511 INFO       → OK | 50 titulares extraídos
2026-04-30 21:23:20,512 INFO     [PROVINCIAL] MISIONES ON LINE (Misiones) — https://www.misionesonline.net
2026-04-30 21:23:21,334 INFO       → OK | 50 titulares extraídos
2026-04-30 21:23:23,335 INFO     [PROVINCIAL] PRIMERA EDICIÓN (Misiones) — https://www.primeraedicion.com.ar
2026-04-30 21:23:24,125 INFO       → OK | 50 titulares extraídos
2026-04-30 21:23:26,128 INFO     [PROVINCIAL] ADN SUR (Chubut) — https://www.adnsur.com.ar
2026-04-30 21:23:26,448 INFO       → OK | 50 titulares extraídos
2026-04-30 21:23:28,450 INFO     [PROVINCIAL] CRÓNICA (Chubut) — https://www.diariocronica.com.ar
2026-04-30 21:23:29,028 INFO       → OK | 50 titulares extraídos
2026-04-30 21:23:31,032 INFO     [PROVINCIAL] EL PATAGÓNICO (Chubut) — https://www.elpatagonico.com
2026-04-30 21:23:31,440 INFO       → OK | 50 titulares extraídos
2026-04-30 21:23:33,442 INFO     [PROVINCIAL] EL DIARIO DE LA PAMPA (La Pampa) — https://www.eldiariodelapampa.com.ar
2026-04-30 21:23:35,170 INFO       → OK | 50 titulares extraídos
2026-04-30 21:23:37,173 INFO     [PROVINCIAL] LA ARENA (La Pampa) — https://www.laarena.com.ar
2026-04-30 21:23:37,560 INFO       → OK | 50 titulares extraídos
2026-04-30 21:23:39,561 INFO     [PROVINCIAL] PLAN B NOTICIAS (La Pampa) — https://www.planbnoticias.com.ar
2026-04-30 21:23:41,311 INFO       → OK | 43 titulares extraídos
2026-04-30 21:23:43,320 INFO     [PROVINCIAL] CUTRAL CO AL INSTANTE (Neuquén) — https://www.cutralcoalinstante.com
2026-04-30 21:23:47,299 INFO       → OK | 25 titulares extraídos
2026-04-30 21:23:49,300 INFO     [PROVINCIAL] LM NEUQUÉN (Neuquén) — https://www.lmneuquen.com
2026-04-30 21:23:49,558 INFO       → OK | 50 titulares extraídos
2026-04-30 21:23:51,571 INFO     [PROVINCIAL] LIMAY NOTICIAS (Neuquén) — https://www.limaynoticias.com.ar
2026-04-30 21:23:52,892 INFO       → OK | 50 titulares extraídos
2026-04-30 21:23:54,894 INFO     [PROVINCIAL] EL CORDILLERANO (Río Negro) — https://www.elcordillerano.com.ar
2026-04-30 21:23:55,581 INFO       → OK | 50 titulares extraídos
2026-04-30 21:23:57,585 INFO     [PROVINCIAL] RÍO NEGRO (Río Negro) — https://www.rionegro.com.ar
2026-04-30 21:23:59,101 INFO       → OK | 50 titulares extraídos
2026-04-30 21:24:01,117 INFO     [PROVINCIAL] NOTICIASNET (Río Negro) — https://www.noticiasnet.com.ar
2026-04-30 21:24:01,829 INFO       → OK | 50 titulares extraídos
2026-04-30 21:24:03,831 INFO     [PROVINCIAL] LA OPINIÓN AUSTRAL (Santa Cruz) — https://www.laopinionaustral.com.ar
2026-04-30 21:24:05,355 INFO       → OK | 50 titulares extraídos
2026-04-30 21:24:07,357 INFO     [PROVINCIAL] NUEVO DÍA (Santa Cruz) — https://www.eldiarionuevodia.com.ar
2026-04-30 21:24:07,551 INFO       → OK | 50 titulares extraídos
2026-04-30 21:24:09,554 INFO     [PROVINCIAL] TIEMPO SUR (Santa Cruz) — https://www.tiemposur.com.ar
2026-04-30 21:24:10,135 INFO       → OK | 50 titulares extraídos
2026-04-30 21:24:12,136 INFO     [PROVINCIAL] EL SUREÑO (Tierra del Fuego) — https://www.surenio.com.ar
2026-04-30 21:24:12,454 INFO       → OK | 50 titulares extraídos
2026-04-30 21:24:14,461 INFO     [PROVINCIAL] MINUTO FUEGUINO (Tierra del Fuego) — https://www.minutofueguino.com
2026-04-30 21:24:14,500 WARNING    → FALLO (ConnectionError) | sin titulares
2026-04-30 21:24:16,502 INFO     [PROVINCIAL] RED 23 NOTICIAS (Tierra del Fuego) — https://www.red23noticias.com.ar
2026-04-30 21:24:16,952 INFO       → OK | 50 titulares extraídos
2026-04-30 21:24:18,960 INFO     [NACIONAL] INFOBAE (Nacional) — https://www.infobae.com
2026-04-30 21:24:19,368 INFO       → OK | 50 titulares extraídos
2026-04-30 21:24:21,380 INFO     [NACIONAL] LA NACIÓN (Nacional) — https://www.lanacion.com.ar
2026-04-30 21:24:21,842 INFO       → OK | 50 titulares extraídos
2026-04-30 21:24:23,843 INFO     [NACIONAL] CLARÍN (Nacional) — https://www.clarin.com
2026-04-30 21:24:24,246 INFO       → OK | 50 titulares extraídos
2026-04-30 21:24:26,249 INFO     [NACIONAL] PÁGINA 12 (Nacional) — https://www.pagina12.com.ar
2026-04-30 21:24:26,682 INFO       → OK | 50 titulares extraídos
2026-04-30 21:24:28,683 INFO     [NACIONAL] PERFIL (Nacional) — https://www.perfil.com
2026-04-30 21:24:28,930 INFO       → OK | 50 titulares extraídos
2026-04-30 21:24:30,933 INFO     [NACIONAL] EL DESTAPE (Nacional) — https://www.eldestapeweb.com
2026-04-30 21:24:31,142 INFO       → OK | 50 titulares extraídos
2026-04-30 21:24:33,142 INFO     [NACIONAL] LA POLÍTICA ONLINE (Nacional) — https://www.lapoliticaonline.com.ar
2026-04-30 21:24:34,410 INFO       → OK | 50 titulares extraídos
2026-04-30 21:24:36,412 INFO     [NACIONAL] TIEMPO ARGENTINO (Nacional) — https://www.tiempoar.com.ar
2026-04-30 21:24:36,799 INFO       → OK | 50 titulares extraídos
2026-04-30 21:24:38,800 INFO     [NACIONAL] LA PRENSA (Nacional) — https://www.laprensa.com.ar
2026-04-30 21:24:39,654 INFO       → OK | 50 titulares extraídos
2026-04-30 21:24:41,656 INFO     [NACIONAL] ÁMBITO FINANCIERO (Nacional) — https://www.ambito.com
2026-04-30 21:24:41,883 INFO       → OK | 50 titulares extraídos
2026-04-30 21:24:41,900 INFO     ============================================================
2026-04-30 21:24:41,900 INFO     Resumen: 79 medios procesados | 75 exitosos | 4 fallidos | 3589 titulares totales
2026-04-30 21:24:41,900 INFO     Titulares → C:\Users\mflor\OneDrive\Documentos\GitHub\monitor-conflictos\datos\crudos\2026-W18\titulares.csv
2026-04-30 21:24:41,900 INFO     HTML crudos → C:\Users\mflor\OneDrive\Documentos\GitHub\monitor-conflictos\datos\crudos\2026-W18/
